TN:
SF:src/services/service.ts
FN:8,(anonymous_9)
FN:8,(anonymous_10)
FN:12,(anonymous_11)
FN:12,(anonymous_12)
FN:42,(anonymous_13)
FN:51,(anonymous_14)
FN:54,(anonymous_15)
FNF:7
FNH:3
FNDA:0,(anonymous_9)
FNDA:0,(anonymous_10)
FNDA:1,(anonymous_11)
FNDA:1,(anonymous_12)
FNDA:3,(anonymous_13)
FNDA:0,(anonymous_14)
FNDA:0,(anonymous_15)
DA:1,1
DA:6,1
DA:7,0
DA:8,0
DA:9,0
DA:12,1
DA:13,1
DA:35,1
DA:43,3
DA:44,3
DA:46,3
DA:48,3
DA:50,0
DA:51,0
DA:52,0
DA:54,0
DA:55,0
DA:60,3
DA:62,3
DA:63,1
DA:66,2
DA:69,2
DA:71,1
DA:72,1
DA:75,1
DA:81,2
DA:82,2
DA:85,2
LF:28
LH:20
BRDA:6,0,0,0
BRDA:6,0,1,1
BRDA:48,1,0,0
BRDA:50,2,0,0
BRDA:50,2,1,0
BRDA:62,3,0,1
BRDA:62,4,0,3
BRDA:62,4,1,3
BRDA:88,5,0,2
BRDA:88,5,1,0
BRF:10
BRH:5
end_of_record
TN:
SF:src/utils/delegation-helpers.ts
FN:13,parseDelegation
FN:48,validateDelegation
FNF:2
FNH:2
FNDA:3,parseDelegation
FNDA:5,validateDelegation
DA:5,1
DA:13,1
DA:14,3
DA:15,3
DA:17,3
DA:18,3
DA:21,2
DA:22,1
DA:26,1
DA:28,2
DA:35,2
DA:38,2
DA:39,2
DA:48,1
DA:50,5
DA:51,1
DA:54,4
DA:55,1
DA:58,3
DA:59,1
DA:63,2
DA:64,1
DA:65,1
DA:66,1
DA:70,1
LF:25
LH:25
BRDA:21,0,0,1
BRDA:21,1,0,2
BRDA:21,1,1,1
BRDA:39,2,0,2
BRDA:39,2,1,0
BRDA:50,3,0,1
BRDA:54,4,0,1
BRDA:58,5,0,1
BRDA:63,6,0,1
BRDA:63,7,0,2
BRDA:63,7,1,1
BRDA:65,8,0,1
BRDA:65,9,0,1
BRDA:65,9,1,1
BRF:14
BRH:13
end_of_record
TN:
SF:src/utils/utils.ts
FN:7,formatPrivateKey
FN:32,(anonymous_1)
FN:33,(anonymous_2)
FN:42,(anonymous_3)
FN:47,(anonymous_4)
FN:50,(anonymous_5)
FN:53,(anonymous_6)
FN:61,safeJsonParse
FN:72,bytesToHex
FN:74,(anonymous_9)
FN:81,hexToBytes
FNF:11
FNH:10
FNDA:5,formatPrivateKey
FNDA:3,(anonymous_1)
FNDA:11,(anonymous_2)
FNDA:4,(anonymous_3)
FNDA:4,(anonymous_4)
FNDA:0,(anonymous_5)
FNDA:4,(anonymous_6)
FNDA:3,safeJsonParse
FNDA:2,bytesToHex
FNDA:8,(anonymous_9)
FNDA:3,hexToBytes
DA:7,3
DA:8,5
DA:9,1
DA:13,4
DA:16,4
DA:17,1
DA:21,3
DA:22,1
DA:26,2
DA:32,3
DA:33,3
DA:34,11
DA:41,3
DA:43,4
DA:44,0
DA:48,4
DA:51,0
DA:54,4
DA:61,3
DA:62,3
DA:63,3
DA:65,2
DA:72,3
DA:73,2
DA:74,8
DA:81,3
DA:82,3
DA:83,3
DA:85,3
DA:86,12
DA:89,3
LF:31
LH:29
BRDA:8,0,0,1
BRDA:13,1,0,1
BRDA:13,1,1,3
BRDA:16,2,0,1
BRDA:21,3,0,1
BRDA:34,4,0,2
BRDA:34,4,1,9
BRDA:43,5,0,0
BRDA:61,6,0,1
BRDA:82,7,0,2
BRDA:82,7,1,1
BRF:11
BRH:10
end_of_record
