TN:
SF:src/config.ts
FN:8,getEnvVar
FNF:1
FNH:1
FNDA:2,getEnvVar
DA:9,2
DA:13,1
DA:20,1
LF:3
LH:3
BRDA:9,0,0,2
BRDA:9,0,1,2
BRF:2
BRH:2
end_of_record
TN:
SF:src/services/service.ts
FN:22,(anonymous_10)
FN:22,(anonymous_11)
FN:25,(anonymous_12)
FN:30,(anonymous_13)
FN:30,(anonymous_14)
FN:33,(anonymous_15)
FN:48,(anonymous_16)
FNF:7
FNH:3
FNDA:0,(anonymous_10)
FNDA:0,(anonymous_11)
FNDA:0,(anonymous_12)
FNDA:5,(anonymous_13)
FNDA:5,(anonymous_14)
FNDA:0,(anonymous_15)
FNDA:5,(anonymous_16)
DA:2,5
DA:3,5
DA:16,5
DA:17,5
DA:18,5
DA:20,5
DA:21,0
DA:22,0
DA:23,0
DA:24,0
DA:26,0
DA:29,5
DA:30,5
DA:31,5
DA:32,5
DA:34,0
DA:41,5
DA:49,5
DA:50,5
DA:53,5
DA:54,0
DA:55,0
DA:62,0
DA:66,5
DA:67,5
DA:68,5
DA:69,5
DA:70,5
DA:71,5
DA:72,5
DA:74,5
DA:77,5
DA:78,1
DA:80,4
DA:81,1
DA:83,3
DA:84,0
DA:86,3
DA:87,0
DA:90,3
DA:101,3
DA:111,2
DA:114,2
DA:123,3
DA:124,3
DA:127,3
LF:46
LH:35
BRDA:17,0,0,5
BRDA:17,0,1,5
BRDA:20,1,0,0
BRDA:20,1,1,5
BRDA:53,2,0,0
BRDA:67,3,0,5
BRDA:67,3,1,1
BRDA:68,4,0,5
BRDA:68,4,1,1
BRDA:77,5,0,1
BRDA:77,6,0,5
BRDA:77,6,1,4
BRDA:77,6,2,4
BRDA:80,7,0,1
BRDA:83,8,0,0
BRDA:83,9,0,3
BRDA:83,9,1,3
BRDA:86,10,0,0
BRDA:86,11,0,3
BRDA:86,11,1,3
BRDA:91,12,0,3
BRDA:91,12,1,0
BRDA:123,13,0,3
BRDA:123,13,1,0
BRF:24
BRH:18
end_of_record
TN:
SF:src/utils/utils.ts
FN:7,formatPrivateKey
FN:32,(anonymous_1)
FN:33,(anonymous_2)
FN:42,(anonymous_3)
FN:47,(anonymous_4)
FN:50,(anonymous_5)
FN:53,(anonymous_6)
FN:61,safeJsonParse
FN:72,bytesToHex
FN:74,(anonymous_9)
FN:81,hexToBytes
FNF:11
FNH:7
FNDA:5,formatPrivateKey
FNDA:3,(anonymous_1)
FNDA:11,(anonymous_2)
FNDA:0,(anonymous_3)
FNDA:0,(anonymous_4)
FNDA:0,(anonymous_5)
FNDA:0,(anonymous_6)
FNDA:3,safeJsonParse
FNDA:2,bytesToHex
FNDA:8,(anonymous_9)
FNDA:3,hexToBytes
DA:7,1
DA:8,5
DA:9,1
DA:13,4
DA:16,4
DA:17,1
DA:21,3
DA:22,1
DA:26,2
DA:32,1
DA:33,3
DA:34,11
DA:41,1
DA:43,0
DA:44,0
DA:48,0
DA:51,0
DA:54,0
DA:61,1
DA:62,3
DA:63,3
DA:65,2
DA:72,1
DA:73,2
DA:74,8
DA:81,1
DA:82,3
DA:83,3
DA:85,3
DA:86,12
DA:89,3
LF:31
LH:26
BRDA:8,0,0,1
BRDA:13,1,0,1
BRDA:13,1,1,3
BRDA:16,2,0,1
BRDA:21,3,0,1
BRDA:34,4,0,2
BRDA:34,4,1,9
BRDA:43,5,0,0
BRDA:61,6,0,1
BRDA:82,7,0,2
BRDA:82,7,1,1
BRF:11
BRH:10
end_of_record
